[debug] [2021-01-31T17:34:19.356Z] ----------------------------------------------------------------------
[debug] [2021-01-31T17:34:19.356Z] Command:       C:\Program Files\nodejs\node.exe C:\Users\JayBh\AppData\Roaming\npm\node_modules\firebase-tools\lib\bin\firebase.js deploy
[debug] [2021-01-31T17:34:19.356Z] CLI Version:   9.2.2
[debug] [2021-01-31T17:34:19.356Z] Platform:      win32
[debug] [2021-01-31T17:34:19.364Z] Node Version:  v12.18.3
[debug] [2021-01-31T17:34:19.364Z] Time:          Sun Jan 31 2021 12:34:19 GMT-0500 (Eastern Standard Time)
[debug] [2021-01-31T17:34:19.364Z] ----------------------------------------------------------------------
[debug] [2021-01-31T17:34:19.364Z] 
[debug] [2021-01-31T17:34:19.380Z] > command requires scopes: ["email","openid","https://www.googleapis.com/auth/cloudplatformprojects.readonly","https://www.googleapis.com/auth/firebase","https://www.googleapis.com/auth/cloud-platform"]
[debug] [2021-01-31T17:34:19.380Z] > authorizing via signed-in user
[debug] [2021-01-31T17:34:19.380Z] [iam] checking project teleclinic-8aa6b for permissions ["cloudfunctions.functions.create","cloudfunctions.functions.delete","cloudfunctions.functions.get","cloudfunctions.functions.list","cloudfunctions.functions.update","cloudfunctions.operations.get","datastore.indexes.create","datastore.indexes.delete","datastore.indexes.list","datastore.indexes.update","firebase.projects.get","firebasehosting.sites.update","firebaserules.releases.create","firebaserules.releases.update","firebaserules.rulesets.create"]
[debug] [2021-01-31T17:34:19.396Z] >>> HTTP REQUEST POST https://cloudresourcemanager.googleapis.com/v1/projects/teleclinic-8aa6b:testIamPermissions  
 {"permissions":["cloudfunctions.functions.create","cloudfunctions.functions.delete","cloudfunctions.functions.get","cloudfunctions.functions.list","cloudfunctions.functions.update","cloudfunctions.operations.get","datastore.indexes.create","datastore.indexes.delete","datastore.indexes.list","datastore.indexes.update","firebase.projects.get","firebasehosting.sites.update","firebaserules.releases.create","firebaserules.releases.update","firebaserules.rulesets.create"]}
[debug] [2021-01-31T17:34:19.599Z] <<< HTTP RESPONSE 200 {"content-type":"application/json; charset=UTF-8","vary":"X-Origin, Referer, Origin,Accept-Encoding","date":"Sun, 31 Jan 2021 17:34:19 GMT","server":"ESF","cache-control":"private","x-xss-protection":"0","x-frame-options":"SAMEORIGIN","x-content-type-options":"nosniff","server-timing":"gfet4t7; dur=40","alt-svc":"h3-29=\":443\"; ma=2592000,h3-T051=\":443\"; ma=2592000,h3-Q050=\":443\"; ma=2592000,h3-Q046=\":443\"; ma=2592000,h3-Q043=\":443\"; ma=2592000,quic=\":443\"; ma=2592000; v=\"46,43\"","accept-ranges":"none","transfer-encoding":"chunked"}
[debug] [2021-01-31T17:34:19.607Z] >>> HTTP REQUEST POST https://iam.googleapis.com/v1/projects/teleclinic-8aa6b/serviceAccounts/teleclinic-8aa6b@appspot.gserviceaccount.com:testIamPermissions  
 {"permissions":["iam.serviceAccounts.actAs"]}
[debug] [2021-01-31T17:34:19.777Z] <<< HTTP RESPONSE 200 {"content-type":"application/json; charset=UTF-8","vary":"X-Origin, Referer, Origin,Accept-Encoding","date":"Sun, 31 Jan 2021 17:34:19 GMT","server":"ESF","cache-control":"private","x-xss-protection":"0","x-frame-options":"SAMEORIGIN","x-content-type-options":"nosniff","alt-svc":"h3-29=\":443\"; ma=2592000,h3-T051=\":443\"; ma=2592000,h3-Q050=\":443\"; ma=2592000,h3-Q046=\":443\"; ma=2592000,h3-Q043=\":443\"; ma=2592000,quic=\":443\"; ma=2592000; v=\"46,43\"","accept-ranges":"none","transfer-encoding":"chunked"}
[debug] [2021-01-31T17:34:19.777Z] > refreshing access token with scopes: []
[debug] [2021-01-31T17:34:19.784Z] >>> HTTP REQUEST POST https://www.googleapis.com/oauth2/v3/token  
 <request body omitted>
[debug] [2021-01-31T17:34:19.890Z] <<< HTTP RESPONSE 200 {"expires":"Mon, 01 Jan 1990 00:00:00 GMT","pragma":"no-cache","cache-control":"no-cache, no-store, max-age=0, must-revalidate","date":"Sun, 31 Jan 2021 17:34:19 GMT","content-type":"application/json; charset=utf-8","vary":"X-Origin, Referer, Origin,Accept-Encoding","server":"scaffolding on HTTPServer2","x-xss-protection":"0","x-frame-options":"SAMEORIGIN","x-content-type-options":"nosniff","alt-svc":"h3-29=\":443\"; ma=2592000,h3-T051=\":443\"; ma=2592000,h3-Q050=\":443\"; ma=2592000,h3-Q046=\":443\"; ma=2592000,h3-Q043=\":443\"; ma=2592000,quic=\":443\"; ma=2592000; v=\"46,43\"","accept-ranges":"none","transfer-encoding":"chunked"}
[debug] [2021-01-31T17:34:19.922Z] >>> [apiv2][query] GET https://firebase.googleapis.com/v1beta1/projects/teleclinic-8aa6b [none]
[debug] [2021-01-31T17:34:20.107Z] <<< [apiv2][status] GET https://firebase.googleapis.com/v1beta1/projects/teleclinic-8aa6b 200
[debug] [2021-01-31T17:34:20.107Z] <<< [apiv2][body] GET https://firebase.googleapis.com/v1beta1/projects/teleclinic-8aa6b {"projectId":"teleclinic-8aa6b","projectNumber":"963317825599","displayName":"teleclinic","name":"projects/teleclinic-8aa6b","resources":{"hostingSite":"teleclinic-8aa6b","storageBucket":"teleclinic-8aa6b.appspot.com","locationId":"us-central"},"state":"ACTIVE"}
[info] 
[info] === Deploying to 'teleclinic-8aa6b'...
[info] 
[info] i  deploying storage, firestore, functions, hosting 
[debug] [2021-01-31T17:34:27.179Z] > refreshing access token with scopes: ["email","https://www.googleapis.com/auth/cloud-platform","https://www.googleapis.com/auth/cloudplatformprojects.readonly","https://www.googleapis.com/auth/firebase","openid"]
[debug] [2021-01-31T17:34:27.179Z] >>> HTTP REQUEST POST https://www.googleapis.com/oauth2/v3/token  
 <request body omitted>
[debug] [2021-01-31T17:34:27.259Z] <<< HTTP RESPONSE 200 {"pragma":"no-cache","expires":"Mon, 01 Jan 1990 00:00:00 GMT","cache-control":"no-cache, no-store, max-age=0, must-revalidate","date":"Sun, 31 Jan 2021 17:34:27 GMT","content-type":"application/json; charset=utf-8","vary":"X-Origin, Referer, Origin,Accept-Encoding","server":"scaffolding on HTTPServer2","x-xss-protection":"0","x-frame-options":"SAMEORIGIN","x-content-type-options":"nosniff","alt-svc":"h3-29=\":443\"; ma=2592000,h3-T051=\":443\"; ma=2592000,h3-Q050=\":443\"; ma=2592000,h3-Q046=\":443\"; ma=2592000,h3-Q043=\":443\"; ma=2592000,quic=\":443\"; ma=2592000; v=\"46,43\"","accept-ranges":"none","transfer-encoding":"chunked"}
[debug] [2021-01-31T17:34:27.277Z] >>> HTTP REQUEST GET https://appengine.googleapis.com/v1/apps/teleclinic-8aa6b  
 
[debug] [2021-01-31T17:34:27.597Z] <<< HTTP RESPONSE 200 {"content-type":"application/json; charset=UTF-8","vary":"X-Origin, Referer, Origin,Accept-Encoding","date":"Sun, 31 Jan 2021 17:34:27 GMT","server":"ESF","cache-control":"private","x-xss-protection":"0","x-frame-options":"SAMEORIGIN","x-content-type-options":"nosniff","alt-svc":"h3-29=\":443\"; ma=2592000,h3-T051=\":443\"; ma=2592000,h3-Q050=\":443\"; ma=2592000,h3-Q046=\":443\"; ma=2592000,h3-Q043=\":443\"; ma=2592000,quic=\":443\"; ma=2592000; v=\"46,43\"","accept-ranges":"none","transfer-encoding":"chunked"}
[info] i  firebase.storage: checking storage.rules for compilation errors... 
[debug] [2021-01-31T17:34:27.605Z] >>> HTTP REQUEST POST https://firebaserules.googleapis.com/v1/projects/teleclinic-8aa6b:test  
 {"source":{"files":[{"name":"storage.rules","content":"rules_version = '2';\r\nservice firebase.storage {\r\n  match /b/{bucket}/o {\r\n    match /{allPaths=**} {\r\n      allow read, write: if request.auth!=null;\r\n    }\r\n  }\r\n}\r\n"}]}}
[debug] [2021-01-31T17:34:27.905Z] <<< HTTP RESPONSE 200 {"content-type":"application/json; charset=UTF-8","vary":"X-Origin, Referer, Origin,Accept-Encoding","date":"Sun, 31 Jan 2021 17:34:27 GMT","server":"ESF","cache-control":"private","x-xss-protection":"0","x-frame-options":"SAMEORIGIN","x-content-type-options":"nosniff","alt-svc":"h3-29=\":443\"; ma=2592000,h3-T051=\":443\"; ma=2592000,h3-Q050=\":443\"; ma=2592000,h3-Q046=\":443\"; ma=2592000,h3-Q043=\":443\"; ma=2592000,quic=\":443\"; ma=2592000; v=\"46,43\"","accept-ranges":"none","transfer-encoding":"chunked"}
[info] +  firebase.storage: rules file storage.rules compiled successfully 
[info] i  firestore: reading indexes from firestore.indexes.json... 
[info] i  cloud.firestore: checking firestore.rules for compilation errors... 
[debug] [2021-01-31T17:34:27.913Z] >>> HTTP REQUEST POST https://firebaserules.googleapis.com/v1/projects/teleclinic-8aa6b:test  
 {"source":{"files":[{"name":"firestore.rules","content":"rules_version = '2';\r\nservice cloud.firestore {\r\n  match /databases/{database}/documents {\r\n    match /{document=**} {\r\n      allow read, write: if\r\n          request.time < timestamp.date(2021, 3, 2);\r\n    }\r\n  }\r\n}"}]}}
[debug] [2021-01-31T17:34:28.208Z] <<< HTTP RESPONSE 200 {"content-type":"application/json; charset=UTF-8","vary":"X-Origin, Referer, Origin,Accept-Encoding","date":"Sun, 31 Jan 2021 17:34:28 GMT","server":"ESF","cache-control":"private","x-xss-protection":"0","x-frame-options":"SAMEORIGIN","x-content-type-options":"nosniff","alt-svc":"h3-29=\":443\"; ma=2592000,h3-T051=\":443\"; ma=2592000,h3-Q050=\":443\"; ma=2592000,h3-Q046=\":443\"; ma=2592000,h3-Q043=\":443\"; ma=2592000,quic=\":443\"; ma=2592000; v=\"46,43\"","accept-ranges":"none","transfer-encoding":"chunked"}
[info] +  cloud.firestore: rules file firestore.rules compiled successfully 
[debug] [2021-01-31T17:34:28.217Z] > [functions] package.json contents: {
  "name": "functions",
  "description": "Cloud Functions for Firebase",
  "scripts": {
    "serve": "firebase emulators:start --only functions",
    "shell": "firebase functions:shell",
    "start": "npm run shell",
    "deploy": "firebase deploy --only functions",
    "logs": "firebase functions:log"
  },
  "engines": {
    "node": "12"
  },
  "main": "index.js",
  "dependencies": {
    "firebase-admin": "^9.2.0",
    "firebase-functions": "^3.11.0"
  },
  "devDependencies": {
    "firebase-functions-test": "^0.2.0"
  },
  "private": true
}
[info] i  functions: ensuring required API cloudfunctions.googleapis.com is enabled... 
[info] i  functions: ensuring required API cloudbuild.googleapis.com is enabled... 
[debug] [2021-01-31T17:34:31.970Z] >>> HTTP REQUEST GET https://serviceusage.googleapis.com/v1/projects/teleclinic-8aa6b/services/cloudfunctions.googleapis.com  
 
[debug] [2021-01-31T17:34:31.970Z] >>> HTTP REQUEST GET https://serviceusage.googleapis.com/v1/projects/teleclinic-8aa6b/services/runtimeconfig.googleapis.com  
 
[debug] [2021-01-31T17:34:31.970Z] >>> HTTP REQUEST GET https://serviceusage.googleapis.com/v1/projects/teleclinic-8aa6b/services/cloudbuild.googleapis.com  
 
[debug] [2021-01-31T17:34:32.418Z] <<< HTTP RESPONSE 200 {"content-type":"application/json; charset=UTF-8","vary":"X-Origin, Referer, Origin,Accept-Encoding","date":"Sun, 31 Jan 2021 17:34:32 GMT","server":"ESF","cache-control":"private","x-xss-protection":"0","x-frame-options":"SAMEORIGIN","x-content-type-options":"nosniff","alt-svc":"h3-29=\":443\"; ma=2592000,h3-T051=\":443\"; ma=2592000,h3-Q050=\":443\"; ma=2592000,h3-Q046=\":443\"; ma=2592000,h3-Q043=\":443\"; ma=2592000,quic=\":443\"; ma=2592000; v=\"46,43\"","accept-ranges":"none","transfer-encoding":"chunked"}
[debug] [2021-01-31T17:34:32.434Z] <<< HTTP RESPONSE 200 {"content-type":"application/json; charset=UTF-8","vary":"X-Origin, Referer, Origin,Accept-Encoding","date":"Sun, 31 Jan 2021 17:34:32 GMT","server":"ESF","cache-control":"private","x-xss-protection":"0","x-frame-options":"SAMEORIGIN","x-content-type-options":"nosniff","alt-svc":"h3-29=\":443\"; ma=2592000,h3-T051=\":443\"; ma=2592000,h3-Q050=\":443\"; ma=2592000,h3-Q046=\":443\"; ma=2592000,h3-Q043=\":443\"; ma=2592000,quic=\":443\"; ma=2592000; v=\"46,43\"","accept-ranges":"none","transfer-encoding":"chunked"}
[info] +  functions: required API cloudbuild.googleapis.com is enabled 
[debug] [2021-01-31T17:34:32.458Z] <<< HTTP RESPONSE 200 {"content-type":"application/json; charset=UTF-8","vary":"X-Origin, Referer, Origin,Accept-Encoding","date":"Sun, 31 Jan 2021 17:34:32 GMT","server":"ESF","cache-control":"private","x-xss-protection":"0","x-frame-options":"SAMEORIGIN","x-content-type-options":"nosniff","alt-svc":"h3-29=\":443\"; ma=2592000,h3-T051=\":443\"; ma=2592000,h3-Q050=\":443\"; ma=2592000,h3-Q046=\":443\"; ma=2592000,h3-Q043=\":443\"; ma=2592000,quic=\":443\"; ma=2592000; v=\"46,43\"","accept-ranges":"none","transfer-encoding":"chunked"}
[info] +  functions: required API cloudfunctions.googleapis.com is enabled 
[debug] [2021-01-31T17:34:32.458Z] >>> HTTP REQUEST GET https://firebase.googleapis.com/v1beta1/projects/teleclinic-8aa6b/adminSdkConfig  
 
[debug] [2021-01-31T17:34:32.715Z] <<< HTTP RESPONSE 200 {"content-type":"application/json; charset=UTF-8","vary":"X-Origin, Referer, Origin,Accept-Encoding","date":"Sun, 31 Jan 2021 17:34:32 GMT","server":"ESF","cache-control":"private","x-xss-protection":"0","x-frame-options":"SAMEORIGIN","x-content-type-options":"nosniff","alt-svc":"h3-29=\":443\"; ma=2592000,h3-T051=\":443\"; ma=2592000,h3-Q050=\":443\"; ma=2592000,h3-Q046=\":443\"; ma=2592000,h3-Q043=\":443\"; ma=2592000,quic=\":443\"; ma=2592000; v=\"46,43\"","accept-ranges":"none","transfer-encoding":"chunked"}
[debug] [2021-01-31T17:34:32.722Z] >>> HTTP REQUEST POST https://firebasehosting.googleapis.com/v1beta1/sites/teleclinic-8aa6b/versions  
 {"config":{"rewrites":[{"glob":"**","path":"/index.html"}]},"labels":{"deployment-tool":"cli-firebase"}}
[debug] [2021-01-31T17:34:33.533Z] <<< HTTP RESPONSE 200 {"content-type":"application/json; charset=UTF-8","vary":"X-Origin, Referer, Origin,Accept-Encoding","date":"Sun, 31 Jan 2021 17:34:33 GMT","server":"ESF","cache-control":"private","x-xss-protection":"0","x-frame-options":"SAMEORIGIN","x-content-type-options":"nosniff","alt-svc":"h3-29=\":443\"; ma=2592000,h3-T051=\":443\"; ma=2592000,h3-Q050=\":443\"; ma=2592000,h3-Q046=\":443\"; ma=2592000,h3-Q043=\":443\"; ma=2592000,quic=\":443\"; ma=2592000; v=\"46,43\"","accept-ranges":"none","transfer-encoding":"chunked"}
[debug] [2021-01-31T17:34:33.541Z] >>> HTTP REQUEST GET https://firebaserules.googleapis.com/v1/projects/teleclinic-8aa6b/releases?pageSize=10&pageToken=  
 
[debug] [2021-01-31T17:34:33.712Z] <<< HTTP RESPONSE 200 {"content-type":"application/json; charset=UTF-8","vary":"X-Origin, Referer, Origin,Accept-Encoding","date":"Sun, 31 Jan 2021 17:34:33 GMT","server":"ESF","cache-control":"private","x-xss-protection":"0","x-frame-options":"SAMEORIGIN","x-content-type-options":"nosniff","alt-svc":"h3-29=\":443\"; ma=2592000,h3-T051=\":443\"; ma=2592000,h3-Q050=\":443\"; ma=2592000,h3-Q046=\":443\"; ma=2592000,h3-Q043=\":443\"; ma=2592000,quic=\":443\"; ma=2592000; v=\"46,43\"","accept-ranges":"none","transfer-encoding":"chunked"}
[debug] [2021-01-31T17:34:33.720Z] >>> HTTP REQUEST GET https://firebaserules.googleapis.com/v1/projects/teleclinic-8aa6b/rulesets/6d63dda8-8998-48a2-ba16-46de5811b63d  
 
[debug] [2021-01-31T17:34:33.944Z] <<< HTTP RESPONSE 200 {"content-type":"application/json; charset=UTF-8","vary":"X-Origin, Referer, Origin,Accept-Encoding","date":"Sun, 31 Jan 2021 17:34:33 GMT","server":"ESF","cache-control":"private","x-xss-protection":"0","x-frame-options":"SAMEORIGIN","x-content-type-options":"nosniff","alt-svc":"h3-29=\":443\"; ma=2592000,h3-T051=\":443\"; ma=2592000,h3-Q050=\":443\"; ma=2592000,h3-Q046=\":443\"; ma=2592000,h3-Q043=\":443\"; ma=2592000,quic=\":443\"; ma=2592000; v=\"46,43\"","accept-ranges":"none","transfer-encoding":"chunked"}
[info] i  storage: uploading rules storage.rules... 
[debug] [2021-01-31T17:34:33.948Z] >>> HTTP REQUEST POST https://firebaserules.googleapis.com/v1/projects/teleclinic-8aa6b/rulesets  
 {"source":{"files":[{"name":"storage.rules","content":"rules_version = '2';\r\nservice firebase.storage {\r\n  match /b/{bucket}/o {\r\n    match /{allPaths=**} {\r\n      allow read, write: if request.auth!=null;\r\n    }\r\n  }\r\n}\r\n"}]}}
[debug] [2021-01-31T17:34:34.357Z] <<< HTTP RESPONSE 200 {"content-type":"application/json; charset=UTF-8","vary":"X-Origin, Referer, Origin,Accept-Encoding","date":"Sun, 31 Jan 2021 17:34:34 GMT","server":"ESF","cache-control":"private","x-xss-protection":"0","x-frame-options":"SAMEORIGIN","x-content-type-options":"nosniff","alt-svc":"h3-29=\":443\"; ma=2592000,h3-T051=\":443\"; ma=2592000,h3-Q050=\":443\"; ma=2592000,h3-Q046=\":443\"; ma=2592000,h3-Q043=\":443\"; ma=2592000,quic=\":443\"; ma=2592000; v=\"46,43\"","accept-ranges":"none","transfer-encoding":"chunked"}
[debug] [2021-01-31T17:34:34.357Z] [rules] created ruleset projects/teleclinic-8aa6b/rulesets/1cbe5612-7e9d-49de-ab5e-8fa21e7060bb
[debug] [2021-01-31T17:34:34.357Z] >>> HTTP REQUEST GET https://firebaserules.googleapis.com/v1/projects/teleclinic-8aa6b/releases?pageSize=10&pageToken=  
 
[debug] [2021-01-31T17:34:34.357Z] >>> HTTP REQUEST GET https://firestore.googleapis.com/v1/projects/teleclinic-8aa6b/databases/(default)/collectionGroups/-/indexes  
 
[debug] [2021-01-31T17:34:34.562Z] <<< HTTP RESPONSE 200 {"content-type":"application/json; charset=UTF-8","vary":"X-Origin, Referer, Origin,Accept-Encoding","date":"Sun, 31 Jan 2021 17:34:34 GMT","server":"ESF","cache-control":"private","x-xss-protection":"0","x-frame-options":"SAMEORIGIN","x-content-type-options":"nosniff","alt-svc":"h3-29=\":443\"; ma=2592000,h3-T051=\":443\"; ma=2592000,h3-Q050=\":443\"; ma=2592000,h3-Q046=\":443\"; ma=2592000,h3-Q043=\":443\"; ma=2592000,quic=\":443\"; ma=2592000; v=\"46,43\"","accept-ranges":"none","transfer-encoding":"chunked"}
[debug] [2021-01-31T17:34:34.562Z] >>> HTTP REQUEST GET https://firebaserules.googleapis.com/v1/projects/teleclinic-8aa6b/rulesets/168323e0-08cc-491c-bd07-5fe57bfbdd26  
 
[debug] [2021-01-31T17:34:34.674Z] <<< HTTP RESPONSE 200 {"content-type":"application/json; charset=UTF-8","vary":"X-Origin, Referer, Origin,Accept-Encoding","date":"Sun, 31 Jan 2021 17:34:34 GMT","server":"ESF","cache-control":"private","x-xss-protection":"0","x-frame-options":"SAMEORIGIN","x-content-type-options":"nosniff","alt-svc":"h3-29=\":443\"; ma=2592000,h3-T051=\":443\"; ma=2592000,h3-Q050=\":443\"; ma=2592000,h3-Q046=\":443\"; ma=2592000,h3-Q043=\":443\"; ma=2592000,quic=\":443\"; ma=2592000; v=\"46,43\"","accept-ranges":"none","transfer-encoding":"chunked"}
[info] i  firestore: uploading rules firestore.rules... 
[debug] [2021-01-31T17:34:34.682Z] >>> HTTP REQUEST POST https://firebaserules.googleapis.com/v1/projects/teleclinic-8aa6b/rulesets  
 {"source":{"files":[{"name":"firestore.rules","content":"rules_version = '2';\r\nservice cloud.firestore {\r\n  match /databases/{database}/documents {\r\n    match /{document=**} {\r\n      allow read, write: if\r\n          request.time < timestamp.date(2021, 3, 2);\r\n    }\r\n  }\r\n}"}]}}
[debug] [2021-01-31T17:34:34.722Z] <<< HTTP RESPONSE 200 {"content-type":"application/json; charset=UTF-8","vary":"X-Origin, Referer, Origin,Accept-Encoding","date":"Sun, 31 Jan 2021 17:34:34 GMT","server":"ESF","cache-control":"private","x-xss-protection":"0","x-frame-options":"SAMEORIGIN","x-content-type-options":"nosniff","alt-svc":"h3-29=\":443\"; ma=2592000,h3-T051=\":443\"; ma=2592000,h3-Q050=\":443\"; ma=2592000,h3-Q046=\":443\"; ma=2592000,h3-Q043=\":443\"; ma=2592000,quic=\":443\"; ma=2592000; v=\"46,43\"","accept-ranges":"none","transfer-encoding":"chunked"}
[debug] [2021-01-31T17:34:34.722Z] >>> HTTP REQUEST GET https://firestore.googleapis.com/v1/projects/teleclinic-8aa6b/databases/(default)/collectionGroups/-/fields?filter=indexConfig.usesAncestorConfig=false  
 
[debug] [2021-01-31T17:34:34.970Z] <<< HTTP RESPONSE 200 {"content-type":"application/json; charset=UTF-8","vary":"X-Origin, Referer, Origin,Accept-Encoding","date":"Sun, 31 Jan 2021 17:34:34 GMT","server":"ESF","cache-control":"private","x-xss-protection":"0","x-frame-options":"SAMEORIGIN","x-content-type-options":"nosniff","alt-svc":"h3-29=\":443\"; ma=2592000,h3-T051=\":443\"; ma=2592000,h3-Q050=\":443\"; ma=2592000,h3-Q046=\":443\"; ma=2592000,h3-Q043=\":443\"; ma=2592000,quic=\":443\"; ma=2592000; v=\"46,43\"","accept-ranges":"none","transfer-encoding":"chunked"}
[info] +  firestore: deployed indexes in firestore.indexes.json successfully 
[debug] [2021-01-31T17:34:35.011Z] <<< HTTP RESPONSE 200 {"content-type":"application/json; charset=UTF-8","vary":"X-Origin, Referer, Origin,Accept-Encoding","date":"Sun, 31 Jan 2021 17:34:35 GMT","server":"ESF","cache-control":"private","x-xss-protection":"0","x-frame-options":"SAMEORIGIN","x-content-type-options":"nosniff","alt-svc":"h3-29=\":443\"; ma=2592000,h3-T051=\":443\"; ma=2592000,h3-Q050=\":443\"; ma=2592000,h3-Q046=\":443\"; ma=2592000,h3-Q043=\":443\"; ma=2592000,quic=\":443\"; ma=2592000; v=\"46,43\"","accept-ranges":"none","transfer-encoding":"chunked"}
[debug] [2021-01-31T17:34:35.011Z] [rules] created ruleset projects/teleclinic-8aa6b/rulesets/1cfbb67b-ded8-437e-a0be-fdb8110f990f
[info] i  functions: preparing functions directory for uploading... 
[debug] [2021-01-31T17:34:35.016Z] >>> HTTP REQUEST GET https://runtimeconfig.googleapis.com/v1beta1/projects/teleclinic-8aa6b/configs  
 
[debug] [2021-01-31T17:34:35.416Z] <<< HTTP RESPONSE 200 {"content-type":"application/json; charset=UTF-8","vary":"X-Origin, Referer, Origin,Accept-Encoding","date":"Sun, 31 Jan 2021 17:34:35 GMT","server":"ESF","cache-control":"private","x-xss-protection":"0","x-frame-options":"SAMEORIGIN","x-content-type-options":"nosniff","alt-svc":"h3-29=\":443\"; ma=2592000,h3-T051=\":443\"; ma=2592000,h3-Q050=\":443\"; ma=2592000,h3-Q046=\":443\"; ma=2592000,h3-Q043=\":443\"; ma=2592000,quic=\":443\"; ma=2592000; v=\"46,43\"","accept-ranges":"none","transfer-encoding":"chunked"}
[info] i  functions: packaged functions (20.93 KB) for uploading 
[debug] [2021-01-31T17:34:35.923Z] >>> HTTP REQUEST GET https://cloudfunctions.googleapis.com/v1/projects/teleclinic-8aa6b/locations/-/functions  
 
[debug] [2021-01-31T17:34:36.489Z] <<< HTTP RESPONSE 200 {"content-type":"application/json; charset=UTF-8","vary":"X-Origin, Referer, Origin,Accept-Encoding","date":"Sun, 31 Jan 2021 17:34:36 GMT","server":"ESF","cache-control":"private","x-xss-protection":"0","x-frame-options":"SAMEORIGIN","x-content-type-options":"nosniff","alt-svc":"h3-29=\":443\"; ma=2592000,h3-T051=\":443\"; ma=2592000,h3-Q050=\":443\"; ma=2592000,h3-Q046=\":443\"; ma=2592000,h3-Q043=\":443\"; ma=2592000,quic=\":443\"; ma=2592000; v=\"46,43\"","accept-ranges":"none","transfer-encoding":"chunked"}
[debug] [2021-01-31T17:34:36.496Z] >>> HTTP REQUEST POST https://cloudfunctions.googleapis.com/v1/projects/teleclinic-8aa6b/locations/us-central1/functions:generateUploadUrl  
 
[debug] [2021-01-31T17:34:37.222Z] <<< HTTP RESPONSE 200 {"content-type":"application/json; charset=UTF-8","vary":"X-Origin, Referer, Origin,Accept-Encoding","date":"Sun, 31 Jan 2021 17:34:37 GMT","server":"ESF","cache-control":"private","x-xss-protection":"0","x-frame-options":"SAMEORIGIN","x-content-type-options":"nosniff","alt-svc":"h3-29=\":443\"; ma=2592000,h3-T051=\":443\"; ma=2592000,h3-Q050=\":443\"; ma=2592000,h3-Q046=\":443\"; ma=2592000,h3-Q043=\":443\"; ma=2592000,quic=\":443\"; ma=2592000; v=\"46,43\"","accept-ranges":"none","transfer-encoding":"chunked"}
[debug] [2021-01-31T17:34:37.222Z] >>> HTTP REQUEST PUT https://storage.googleapis.com/gcf-upload-us-central1-3b1b4abb-a9c3-45fb-a89b-ecc4a5b3ff29/76941f71-ca93-4b37-b640-4fb87f13b05b.zip?GoogleAccessId=service-963317825599@gcf-admin-robot.iam.gserviceaccount.com&Expires=1612116277&Signature=E2OHE%2FiSmKKz87i%2BtQU1dt27cWe3wFv1E%2F2sZFVc1w7kQJtgfPd1PKPKFZgJqHFECgk1IxxfCzxXx3tYAAkDbOBG17YiXPsyzLYSnv1rbwwSFT%2B0Vic6SlzW8FoJhWIkJcQkuuz9Wy2ggXGblXvVcPuTh6B8SwqAUP3dn3LNam7hPFcUAKeBMuHohefqH803vOzhKsQsDGtNtvtnejWZ0t1H5jKW6IAs%2BU775Yc6qPXv6b4PHOt3T8WV5rOeUNjAPK%2BT7X%2Fk5ZOAk6rr%2B9hvz1JXqBo0wLMbD3OHsIhlvfHVbqlWLCEWMh%2FP3%2Fgvpen6sLUiwZVZTXCDdjfqan6J3g%3D%3D  
 <request body omitted>
[debug] [2021-01-31T17:34:37.406Z] <<< HTTP RESPONSE 200 {"x-guploader-uploadid":"ABg5-UwZuB1zCgAZgUlKfhxFkfFF7uZOlWCC7zV4N6dJbQXrbM1u-57wVqrSdC04-LnfyaHFKPvBCnYvUbhz93vMbmc","etag":"\"70f1820202e50ab69265fc052389f221\"","x-goog-generation":"1612114477390989","x-goog-metageneration":"1","x-goog-hash":"crc32c=nrT9Ww==, md5=cPGCAgLlCraSZfwFI4nyIQ==","x-goog-stored-content-length":"21429","x-goog-stored-content-encoding":"identity","vary":"Origin","content-length":"0","date":"Sun, 31 Jan 2021 17:34:37 GMT","server":"UploadServer","content-type":"text/html; charset=UTF-8","alt-svc":"h3-29=\":443\"; ma=2592000,h3-T051=\":443\"; ma=2592000,h3-Q050=\":443\"; ma=2592000,h3-Q046=\":443\"; ma=2592000,h3-Q043=\":443\"; ma=2592000,quic=\":443\"; ma=2592000; v=\"46,43\""}
[info] +  functions: functions folder uploaded successfully 
[info] i  hosting[teleclinic-8aa6b]: beginning deploy... 
[info] i  hosting[teleclinic-8aa6b]: found 3 files in public 
[debug] [2021-01-31T17:34:37.438Z] > refreshing access token with scopes: []
[debug] [2021-01-31T17:34:37.438Z] >>> HTTP REQUEST POST https://www.googleapis.com/oauth2/v3/token  
 <request body omitted>
[debug] [2021-01-31T17:34:37.454Z] [hosting] hash cache [cHVibGlj] stored for 3 files
[debug] [2021-01-31T17:34:37.454Z] [hosting][hash queue][FINAL] {"max":8,"min":0,"avg":0,"active":0,"complete":3,"success":3,"errored":0,"retried":0,"total":3,"elapsed":24}
[debug] [2021-01-31T17:34:37.534Z] <<< HTTP RESPONSE 200 {"expires":"Mon, 01 Jan 1990 00:00:00 GMT","date":"Sun, 31 Jan 2021 17:34:37 GMT","pragma":"no-cache","cache-control":"no-cache, no-store, max-age=0, must-revalidate","content-type":"application/json; charset=utf-8","vary":"X-Origin, Referer, Origin,Accept-Encoding","server":"scaffolding on HTTPServer2","x-xss-protection":"0","x-frame-options":"SAMEORIGIN","x-content-type-options":"nosniff","alt-svc":"h3-29=\":443\"; ma=2592000,h3-T051=\":443\"; ma=2592000,h3-Q050=\":443\"; ma=2592000,h3-Q046=\":443\"; ma=2592000,h3-Q043=\":443\"; ma=2592000,quic=\":443\"; ma=2592000; v=\"46,43\"","accept-ranges":"none","transfer-encoding":"chunked"}
[debug] [2021-01-31T17:34:37.557Z] >>> [apiv2][query] POST https://firebasehosting.googleapis.com/v1beta1/sites/teleclinic-8aa6b/versions/8c74a2d1dd07779a:populateFiles [none]
[debug] [2021-01-31T17:34:37.557Z] >>> [apiv2][body] POST https://firebasehosting.googleapis.com/v1beta1/sites/teleclinic-8aa6b/versions/8c74a2d1dd07779a:populateFiles {"files":{"/index.html":"66523b733e68eaffb0d8208032e40181e54d584e7bbe62a7f4d65a8759665e8e\r","/manifest.json":"04a803a548395e96a9757a04b91f309af23eeb918847d409bc23035b2103bc1a\r","/robots.txt":"bfe106a3fb878dc83461c86818bf74fc1bdc7f28538ba613cd3e775516ce8b49\r"}}
[debug] [2021-01-31T17:34:37.948Z] <<< [apiv2][status] POST https://firebasehosting.googleapis.com/v1beta1/sites/teleclinic-8aa6b/versions/8c74a2d1dd07779a:populateFiles 200
[debug] [2021-01-31T17:34:37.956Z] <<< [apiv2][body] POST https://firebasehosting.googleapis.com/v1beta1/sites/teleclinic-8aa6b/versions/8c74a2d1dd07779a:populateFiles {"uploadUrl":"https://upload-firebasehosting.googleapis.com/upload/sites/teleclinic-8aa6b/versions/8c74a2d1dd07779a/files"}
[debug] [2021-01-31T17:34:37.956Z] [hosting][populate queue][FINAL] {"max":518,"min":518,"avg":518,"active":0,"complete":1,"success":1,"errored":0,"retried":0,"total":1,"elapsed":518}
[debug] [2021-01-31T17:34:37.956Z] [hosting] uploads queued: 0
[debug] [2021-01-31T17:34:37.956Z] [hosting][upload queue][FINAL] {"max":0,"min":9999999999,"avg":0,"active":0,"complete":0,"success":0,"errored":0,"retried":0,"total":0,"elapsed":1612114477956}
[info] +  hosting[teleclinic-8aa6b]: file upload complete 
[debug] [2021-01-31T17:34:37.956Z] [hosting] deploy completed after 550ms
[debug] [2021-01-31T17:34:38.052Z] [rules] releasing firebase.storage/teleclinic-8aa6b.appspot.com with ruleset projects/teleclinic-8aa6b/rulesets/1cbe5612-7e9d-49de-ab5e-8fa21e7060bb
[debug] [2021-01-31T17:34:38.052Z] > refreshing access token with scopes: ["email","https://www.googleapis.com/auth/cloud-platform","https://www.googleapis.com/auth/cloudplatformprojects.readonly","https://www.googleapis.com/auth/firebase","openid"]
[debug] [2021-01-31T17:34:38.052Z] >>> HTTP REQUEST POST https://www.googleapis.com/oauth2/v3/token  
 <request body omitted>
[debug] [2021-01-31T17:34:38.132Z] <<< HTTP RESPONSE 200 {"cache-control":"no-cache, no-store, max-age=0, must-revalidate","pragma":"no-cache","date":"Sun, 31 Jan 2021 17:34:38 GMT","expires":"Mon, 01 Jan 1990 00:00:00 GMT","content-type":"application/json; charset=utf-8","vary":"X-Origin, Referer, Origin,Accept-Encoding","server":"scaffolding on HTTPServer2","x-xss-protection":"0","x-frame-options":"SAMEORIGIN","x-content-type-options":"nosniff","alt-svc":"h3-29=\":443\"; ma=2592000,h3-T051=\":443\"; ma=2592000,h3-Q050=\":443\"; ma=2592000,h3-Q046=\":443\"; ma=2592000,h3-Q043=\":443\"; ma=2592000,quic=\":443\"; ma=2592000; v=\"46,43\"","accept-ranges":"none","transfer-encoding":"chunked"}
[debug] [2021-01-31T17:34:38.148Z] >>> HTTP REQUEST PATCH https://firebaserules.googleapis.com/v1/projects/teleclinic-8aa6b/releases/firebase.storage/teleclinic-8aa6b.appspot.com  
 {"release":{"name":"projects/teleclinic-8aa6b/releases/firebase.storage/teleclinic-8aa6b.appspot.com","rulesetName":"projects/teleclinic-8aa6b/rulesets/1cbe5612-7e9d-49de-ab5e-8fa21e7060bb"}}
[debug] [2021-01-31T17:34:38.553Z] <<< HTTP RESPONSE 200 {"content-type":"application/json; charset=UTF-8","vary":"X-Origin, Referer, Origin,Accept-Encoding","date":"Sun, 31 Jan 2021 17:34:38 GMT","server":"ESF","cache-control":"private","x-xss-protection":"0","x-frame-options":"SAMEORIGIN","x-content-type-options":"nosniff","alt-svc":"h3-29=\":443\"; ma=2592000,h3-T051=\":443\"; ma=2592000,h3-Q050=\":443\"; ma=2592000,h3-Q046=\":443\"; ma=2592000,h3-Q043=\":443\"; ma=2592000,quic=\":443\"; ma=2592000; v=\"46,43\"","accept-ranges":"none","transfer-encoding":"chunked"}
[debug] [2021-01-31T17:34:38.553Z] [rules] updated release projects/teleclinic-8aa6b/releases/firebase.storage/teleclinic-8aa6b.appspot.com
[info] +  storage: released rules storage.rules to firebase.storage 
[debug] [2021-01-31T17:34:38.553Z] [rules] releasing cloud.firestore with ruleset projects/teleclinic-8aa6b/rulesets/1cfbb67b-ded8-437e-a0be-fdb8110f990f
[debug] [2021-01-31T17:34:38.553Z] >>> HTTP REQUEST PATCH https://firebaserules.googleapis.com/v1/projects/teleclinic-8aa6b/releases/cloud.firestore  
 {"release":{"name":"projects/teleclinic-8aa6b/releases/cloud.firestore","rulesetName":"projects/teleclinic-8aa6b/rulesets/1cfbb67b-ded8-437e-a0be-fdb8110f990f"}}
[debug] [2021-01-31T17:34:38.907Z] <<< HTTP RESPONSE 200 {"content-type":"application/json; charset=UTF-8","vary":"X-Origin, Referer, Origin,Accept-Encoding","date":"Sun, 31 Jan 2021 17:34:38 GMT","server":"ESF","cache-control":"private","x-xss-protection":"0","x-frame-options":"SAMEORIGIN","x-content-type-options":"nosniff","alt-svc":"h3-29=\":443\"; ma=2592000,h3-T051=\":443\"; ma=2592000,h3-Q050=\":443\"; ma=2592000,h3-Q046=\":443\"; ma=2592000,h3-Q043=\":443\"; ma=2592000,quic=\":443\"; ma=2592000; v=\"46,43\"","accept-ranges":"none","transfer-encoding":"chunked"}
[debug] [2021-01-31T17:34:38.908Z] [rules] updated release projects/teleclinic-8aa6b/releases/cloud.firestore
[info] +  firestore: released rules firestore.rules to cloud.firestore 
[info] i  functions: updating Node.js 12 function helloWorld(us-central1)... 
[debug] [2021-01-31T17:34:38.919Z] Trigger is:  {"httpsTrigger":{}}
[debug] [2021-01-31T17:34:38.927Z] >>> HTTP REQUEST PATCH https://cloudfunctions.googleapis.com/v1/projects/teleclinic-8aa6b/locations/us-central1/functions/helloWorld {"updateMask":"sourceUploadUrl,name,labels,runtime,environmentVariables,httpsTrigger"} 
 {"sourceUploadUrl":"https://storage.googleapis.com/gcf-upload-us-central1-3b1b4abb-a9c3-45fb-a89b-ecc4a5b3ff29/76941f71-ca93-4b37-b640-4fb87f13b05b.zip?GoogleAccessId=service-963317825599@gcf-admin-robot.iam.gserviceaccount.com&Expires=1612116277&Signature=E2OHE%2FiSmKKz87i%2BtQU1dt27cWe3wFv1E%2F2sZFVc1w7kQJtgfPd1PKPKFZgJqHFECgk1IxxfCzxXx3tYAAkDbOBG17YiXPsyzLYSnv1rbwwSFT%2B0Vic6SlzW8FoJhWIkJcQkuuz9Wy2ggXGblXvVcPuTh6B8SwqAUP3dn3LNam7hPFcUAKeBMuHohefqH803vOzhKsQsDGtNtvtnejWZ0t1H5jKW6IAs%2BU775Yc6qPXv6b4PHOt3T8WV5rOeUNjAPK%2BT7X%2Fk5ZOAk6rr%2B9hvz1JXqBo0wLMbD3OHsIhlvfHVbqlWLCEWMh%2FP3%2Fgvpen6sLUiwZVZTXCDdjfqan6J3g%3D%3D","name":"projects/teleclinic-8aa6b/locations/us-central1/functions/helloWorld","labels":{"deployment-tool":"cli-firebase"},"httpsTrigger":{},"runtime":"nodejs12","environmentVariables":{"FIREBASE_CONFIG":"{\"projectId\":\"teleclinic-8aa6b\",\"storageBucket\":\"teleclinic-8aa6b.appspot.com\",\"locationId\":\"us-central\"}"}}
[debug] [2021-01-31T17:34:39.678Z] <<< HTTP RESPONSE 200 {"content-type":"application/json; charset=UTF-8","vary":"X-Origin, Referer, Origin,Accept-Encoding","date":"Sun, 31 Jan 2021 17:34:39 GMT","server":"ESF","cache-control":"private","x-xss-protection":"0","x-frame-options":"SAMEORIGIN","x-content-type-options":"nosniff","alt-svc":"h3-29=\":443\"; ma=2592000,h3-T051=\":443\"; ma=2592000,h3-Q050=\":443\"; ma=2592000,h3-Q046=\":443\"; ma=2592000,h3-Q043=\":443\"; ma=2592000,quic=\":443\"; ma=2592000; v=\"46,43\"","accept-ranges":"none","transfer-encoding":"chunked"}
[debug] [2021-01-31T17:34:39.686Z] >>> HTTP REQUEST GET https://cloudfunctions.googleapis.com/v1/projects/teleclinic-8aa6b/locations/-/functions  
 
[debug] [2021-01-31T17:34:40.161Z] <<< HTTP RESPONSE 200 {"content-type":"application/json; charset=UTF-8","vary":"X-Origin, Referer, Origin,Accept-Encoding","date":"Sun, 31 Jan 2021 17:34:40 GMT","server":"ESF","cache-control":"private","x-xss-protection":"0","x-frame-options":"SAMEORIGIN","x-content-type-options":"nosniff","alt-svc":"h3-29=\":443\"; ma=2592000,h3-T051=\":443\"; ma=2592000,h3-Q050=\":443\"; ma=2592000,h3-Q046=\":443\"; ma=2592000,h3-Q043=\":443\"; ma=2592000,quic=\":443\"; ma=2592000; v=\"46,43\"","accept-ranges":"none","transfer-encoding":"chunked"}
[debug] [2021-01-31T17:34:40.161Z] >>> HTTP REQUEST GET https://cloudfunctions.googleapis.com/v1/operations/dGVsZWNsaW5pYy04YWE2Yi91cy1jZW50cmFsMS9oZWxsb1dvcmxkL0VrcDVoX2VLZndF  
 
[debug] [2021-01-31T17:34:40.496Z] <<< HTTP RESPONSE 200 {"content-type":"application/json; charset=UTF-8","vary":"X-Origin, Referer, Origin,Accept-Encoding","date":"Sun, 31 Jan 2021 17:34:40 GMT","server":"ESF","cache-control":"private","x-xss-protection":"0","x-frame-options":"SAMEORIGIN","x-content-type-options":"nosniff","alt-svc":"h3-29=\":443\"; ma=2592000,h3-T051=\":443\"; ma=2592000,h3-Q050=\":443\"; ma=2592000,h3-Q046=\":443\"; ma=2592000,h3-Q043=\":443\"; ma=2592000,quic=\":443\"; ma=2592000; v=\"46,43\"","accept-ranges":"none","transfer-encoding":"chunked"}
[debug] [2021-01-31T17:34:42.509Z] >>> HTTP REQUEST GET https://cloudfunctions.googleapis.com/v1/operations/dGVsZWNsaW5pYy04YWE2Yi91cy1jZW50cmFsMS9oZWxsb1dvcmxkL0VrcDVoX2VLZndF  
 
[debug] [2021-01-31T17:34:42.854Z] <<< HTTP RESPONSE 200 {"content-type":"application/json; charset=UTF-8","vary":"X-Origin, Referer, Origin,Accept-Encoding","date":"Sun, 31 Jan 2021 17:34:42 GMT","server":"ESF","cache-control":"private","x-xss-protection":"0","x-frame-options":"SAMEORIGIN","x-content-type-options":"nosniff","alt-svc":"h3-29=\":443\"; ma=2592000,h3-T051=\":443\"; ma=2592000,h3-Q050=\":443\"; ma=2592000,h3-Q046=\":443\"; ma=2592000,h3-Q043=\":443\"; ma=2592000,quic=\":443\"; ma=2592000; v=\"46,43\"","accept-ranges":"none","transfer-encoding":"chunked"}
[debug] [2021-01-31T17:34:44.862Z] >>> HTTP REQUEST GET https://cloudfunctions.googleapis.com/v1/operations/dGVsZWNsaW5pYy04YWE2Yi91cy1jZW50cmFsMS9oZWxsb1dvcmxkL0VrcDVoX2VLZndF  
 
[debug] [2021-01-31T17:34:45.211Z] <<< HTTP RESPONSE 200 {"content-type":"application/json; charset=UTF-8","vary":"X-Origin, Referer, Origin,Accept-Encoding","date":"Sun, 31 Jan 2021 17:34:45 GMT","server":"ESF","cache-control":"private","x-xss-protection":"0","x-frame-options":"SAMEORIGIN","x-content-type-options":"nosniff","alt-svc":"h3-29=\":443\"; ma=2592000,h3-T051=\":443\"; ma=2592000,h3-Q050=\":443\"; ma=2592000,h3-Q046=\":443\"; ma=2592000,h3-Q043=\":443\"; ma=2592000,quic=\":443\"; ma=2592000; v=\"46,43\"","accept-ranges":"none","transfer-encoding":"chunked"}
[debug] [2021-01-31T17:34:47.215Z] >>> HTTP REQUEST GET https://cloudfunctions.googleapis.com/v1/operations/dGVsZWNsaW5pYy04YWE2Yi91cy1jZW50cmFsMS9oZWxsb1dvcmxkL0VrcDVoX2VLZndF  
 
[debug] [2021-01-31T17:34:47.464Z] <<< HTTP RESPONSE 200 {"content-type":"application/json; charset=UTF-8","vary":"X-Origin, Referer, Origin,Accept-Encoding","date":"Sun, 31 Jan 2021 17:34:47 GMT","server":"ESF","cache-control":"private","x-xss-protection":"0","x-frame-options":"SAMEORIGIN","x-content-type-options":"nosniff","alt-svc":"h3-29=\":443\"; ma=2592000,h3-T051=\":443\"; ma=2592000,h3-Q050=\":443\"; ma=2592000,h3-Q046=\":443\"; ma=2592000,h3-Q043=\":443\"; ma=2592000,quic=\":443\"; ma=2592000; v=\"46,43\"","accept-ranges":"none","transfer-encoding":"chunked"}
